2020-08-23  13:42:57 Sun root INFO getting data now...
2020-08-23  13:42:58 Sun root INFO data got successfully
2020-08-23  13:42:58 Sun root INFO data saved to memory
2020-08-23  13:44:04 Sun root INFO getting data now...
2020-08-23  13:44:12 Sun root INFO data got successfully
2020-08-23  13:44:12 Sun root INFO data saved to memory
2020-08-23  13:44:14 Sun root INFO mail: now sleeping for 60
2020-08-23  13:45:14 Sun root INFO mail: now sleeping for 60
2020-08-23  13:46:14 Sun root INFO mail: now sleeping for 60
2020-08-23  13:47:51 Sun root INFO getting data now...
2020-08-23  13:47:55 Sun root INFO data got successfully
2020-08-23  13:47:55 Sun root INFO data saved to memory
2020-08-23  13:48:01 Sun root INFO mail: now sleeping for 60
2020-08-23  13:49:01 Sun root INFO mail: now sleeping for 60
2020-08-23  13:49:37 Sun root INFO getting data now...
2020-08-23  13:49:40 Sun root INFO data got successfully
2020-08-23  13:49:40 Sun root INFO data saved to memory
2020-08-23  13:49:47 Sun root INFO mail: now sleeping for 60
2020-08-23  13:51:32 Sun root INFO getting data now...
2020-08-23  13:51:33 Sun root INFO data got successfully
2020-08-23  13:51:33 Sun root INFO data saved to memory
2020-08-23  13:51:42 Sun root INFO mail: now sleeping for 60
2020-08-23  13:52:42 Sun root INFO mail: now sleeping for 60
2020-08-23  14:21:22 Sun root INFO getting data now...
2020-08-23  14:21:30 Sun root INFO data got successfully
2020-08-23  14:21:30 Sun root INFO data saved to memory
2020-08-23  14:21:32 Sun root INFO mail: now sleeping for 60
2020-08-23  18:13:16 Sun root INFO getting data now...
2020-08-23  18:13:18 Sun root INFO data got successfully
2020-08-23  18:13:18 Sun root INFO data saved to memory
2020-08-23  18:13:26 Sun root INFO mail: now sleeping for 60
2020-08-23  18:24:00 Sun root INFO getting data now...
2020-08-23  18:24:03 Sun root INFO data got successfully
2020-08-23  18:24:03 Sun root INFO data saved to memory
2020-08-23  18:24:28 Sun root INFO getting data now...
2020-08-23  18:24:29 Sun root INFO data got successfully
2020-08-23  18:24:29 Sun root INFO data saved to memory
2020-08-23  18:25:04 Sun root INFO getting data now...
2020-08-23  18:25:08 Sun root INFO data got successfully
2020-08-23  18:25:08 Sun root INFO data saved to memory
2020-08-23  18:28:43 Sun root INFO getting data now...
2020-08-23  18:28:46 Sun root INFO data got successfully
2020-08-23  18:28:46 Sun root INFO data saved to memory
2020-08-23  18:29:18 Sun root INFO getting data now...
2020-08-23  18:29:20 Sun root INFO data got successfully
2020-08-23  18:29:20 Sun root INFO data saved to memory
2020-08-23  18:30:06 Sun root INFO getting data now...
2020-08-23  18:30:12 Sun root INFO data got successfully
2020-08-23  18:30:12 Sun root INFO data saved to memory
2020-08-23  18:31:07 Sun root INFO getting data now...
2020-08-23  18:31:13 Sun root INFO data got successfully
2020-08-23  18:31:13 Sun root INFO data saved to memory
2020-08-23  18:35:46 Sun root INFO getting data now...
2020-08-23  18:35:56 Sun root INFO mail: now sleeping for 60
2020-08-23  18:35:56 Sun root INFO data got successfully
2020-08-23  18:35:56 Sun root INFO data saved to memory
2020-08-23  18:35:56 Sun root INFO data saved
2020-08-23  18:35:56 Sun root INFO now sleeping for time 60
